/!\ FAILSAFE /!\  Sat Mar 28 13:19:37 +0100 2009
  Status: 500 Internal Server Error
  Unknown database 'dressroom_development'
    /Users/elfxf/.gem/ruby/1.8/gems/activerecord-2.3.2/lib/active_record/connection_adapters/mysql_adapter.rb:576:in `real_connect'
    /Users/elfxf/.gem/ruby/1.8/gems/activerecord-2.3.2/lib/active_record/connection_adapters/mysql_adapter.rb:576:in `connect'
    /Users/elfxf/.gem/ruby/1.8/gems/activerecord-2.3.2/lib/active_record/connection_adapters/mysql_adapter.rb:204:in `initialize'
    /Users/elfxf/.gem/ruby/1.8/gems/activerecord-2.3.2/lib/active_record/connection_adapters/mysql_adapter.rb:76:in `new'
    /Users/elfxf/.gem/ruby/1.8/gems/activerecord-2.3.2/lib/active_record/connection_adapters/mysql_adapter.rb:76:in `mysql_connection'
    /Users/elfxf/.gem/ruby/1.8/gems/activerecord-2.3.2/lib/active_record/connection_adapters/abstract/connection_pool.rb:223:in `send'
    /Users/elfxf/.gem/ruby/1.8/gems/activerecord-2.3.2/lib/active_record/connection_adapters/abstract/connection_pool.rb:223:in `new_connection'
    /Users/elfxf/.gem/ruby/1.8/gems/activerecord-2.3.2/lib/active_record/connection_adapters/abstract/connection_pool.rb:245:in `checkout_new_connection'
    /Users/elfxf/.gem/ruby/1.8/gems/activerecord-2.3.2/lib/active_record/connection_adapters/abstract/connection_pool.rb:188:in `checkout'
    /Users/elfxf/.gem/ruby/1.8/gems/activerecord-2.3.2/lib/active_record/connection_adapters/abstract/connection_pool.rb:184:in `loop'
    /Users/elfxf/.gem/ruby/1.8/gems/activerecord-2.3.2/lib/active_record/connection_adapters/abstract/connection_pool.rb:184:in `checkout'
    /System/Library/Frameworks/Ruby.framework/Versions/1.8/usr/lib/ruby/1.8/monitor.rb:242:in `synchronize'
    /Users/elfxf/.gem/ruby/1.8/gems/activerecord-2.3.2/lib/active_record/connection_adapters/abstract/connection_pool.rb:183:in `checkout'
    /Users/elfxf/.gem/ruby/1.8/gems/activerecord-2.3.2/lib/active_record/connection_adapters/abstract/connection_pool.rb:98:in `connection'
    /Users/elfxf/.gem/ruby/1.8/gems/activerecord-2.3.2/lib/active_record/connection_adapters/abstract/connection_pool.rb:326:in `retrieve_connection'
    /Users/elfxf/.gem/ruby/1.8/gems/activerecord-2.3.2/lib/active_record/connection_adapters/abstract/connection_specification.rb:123:in `retrieve_connection'
    /Users/elfxf/.gem/ruby/1.8/gems/activerecord-2.3.2/lib/active_record/connection_adapters/abstract/connection_specification.rb:115:in `connection'
    /Users/elfxf/.gem/ruby/1.8/gems/activerecord-2.3.2/lib/active_record/query_cache.rb:9:in `cache'
    /Users/elfxf/.gem/ruby/1.8/gems/activerecord-2.3.2/lib/active_record/query_cache.rb:28:in `call'
    /Users/elfxf/.gem/ruby/1.8/gems/activerecord-2.3.2/lib/active_record/connection_adapters/abstract/connection_pool.rb:361:in `call'
    /Users/elfxf/.gem/ruby/1.8/gems/actionpack-2.3.2/lib/action_controller/vendor/rack-1.0/rack/head.rb:9:in `call'
    /Users/elfxf/.gem/ruby/1.8/gems/actionpack-2.3.2/lib/action_controller/vendor/rack-1.0/rack/methodoverride.rb:24:in `call'
    /Users/elfxf/.gem/ruby/1.8/gems/actionpack-2.3.2/lib/action_controller/params_parser.rb:15:in `call'
    /Users/elfxf/.gem/ruby/1.8/gems/actionpack-2.3.2/lib/action_controller/rewindable_input.rb:25:in `call'
    /Users/elfxf/.gem/ruby/1.8/gems/actionpack-2.3.2/lib/action_controller/session/cookie_store.rb:93:in `call'
    /Users/elfxf/.gem/ruby/1.8/gems/actionpack-2.3.2/lib/action_controller/reloader.rb:9:in `call'
    /Users/elfxf/.gem/ruby/1.8/gems/actionpack-2.3.2/lib/action_controller/failsafe.rb:11:in `call'
    /Users/elfxf/.gem/ruby/1.8/gems/actionpack-2.3.2/lib/action_controller/vendor/rack-1.0/rack/lock.rb:11:in `call'
    /Users/elfxf/.gem/ruby/1.8/gems/actionpack-2.3.2/lib/action_controller/vendor/rack-1.0/rack/lock.rb:11:in `synchronize'
    /Users/elfxf/.gem/ruby/1.8/gems/actionpack-2.3.2/lib/action_controller/vendor/rack-1.0/rack/lock.rb:11:in `call'
    /Users/elfxf/.gem/ruby/1.8/gems/actionpack-2.3.2/lib/action_controller/dispatcher.rb:106:in `call'
    /Users/elfxf/.gem/ruby/1.8/gems/rails-2.3.2/lib/rails/rack/static.rb:31:in `call'
    /Users/elfxf/.gem/ruby/1.8/gems/actionpack-2.3.2/lib/action_controller/vendor/rack-1.0/rack/urlmap.rb:46:in `call'
    /Users/elfxf/.gem/ruby/1.8/gems/actionpack-2.3.2/lib/action_controller/vendor/rack-1.0/rack/urlmap.rb:40:in `each'
    /Users/elfxf/.gem/ruby/1.8/gems/actionpack-2.3.2/lib/action_controller/vendor/rack-1.0/rack/urlmap.rb:40:in `call'
    /Users/elfxf/.gem/ruby/1.8/gems/rails-2.3.2/lib/rails/rack/log_tailer.rb:17:in `call'
    /Users/elfxf/.gem/ruby/1.8/gems/actionpack-2.3.2/lib/action_controller/vendor/rack-1.0/rack/content_length.rb:13:in `call'
    /Users/elfxf/.gem/ruby/1.8/gems/actionpack-2.3.2/lib/action_controller/vendor/rack-1.0/rack/chunked.rb:15:in `call'
    /Users/elfxf/.gem/ruby/1.8/gems/actionpack-2.3.2/lib/action_controller/vendor/rack-1.0/rack/handler/mongrel.rb:61:in `process'
    /Library/Ruby/Gems/1.8/gems/mongrel-1.1.5/lib/mongrel.rb:159:in `process_client'
    /Library/Ruby/Gems/1.8/gems/mongrel-1.1.5/lib/mongrel.rb:158:in `each'
    /Library/Ruby/Gems/1.8/gems/mongrel-1.1.5/lib/mongrel.rb:158:in `process_client'
    /Library/Ruby/Gems/1.8/gems/mongrel-1.1.5/lib/mongrel.rb:285:in `run'
    /Library/Ruby/Gems/1.8/gems/mongrel-1.1.5/lib/mongrel.rb:285:in `initialize'
    /Library/Ruby/Gems/1.8/gems/mongrel-1.1.5/lib/mongrel.rb:285:in `new'
    /Library/Ruby/Gems/1.8/gems/mongrel-1.1.5/lib/mongrel.rb:285:in `run'
    /Library/Ruby/Gems/1.8/gems/mongrel-1.1.5/lib/mongrel.rb:268:in `initialize'
    /Library/Ruby/Gems/1.8/gems/mongrel-1.1.5/lib/mongrel.rb:268:in `new'
    /Library/Ruby/Gems/1.8/gems/mongrel-1.1.5/lib/mongrel.rb:268:in `run'
    /Users/elfxf/.gem/ruby/1.8/gems/actionpack-2.3.2/lib/action_controller/vendor/rack-1.0/rack/handler/mongrel.rb:34:in `run'
    /Users/elfxf/.gem/ruby/1.8/gems/rails-2.3.2/lib/commands/server.rb:111
    /Library/Ruby/Site/1.8/rubygems/custom_require.rb:31:in `gem_original_require'
    /Library/Ruby/Site/1.8/rubygems/custom_require.rb:31:in `require'
    script/server:3
/!\ FAILSAFE /!\  Sat Mar 28 13:19:40 +0100 2009
  Status: 500 Internal Server Error
  Unknown database 'dressroom_development'
    /Users/elfxf/.gem/ruby/1.8/gems/activerecord-2.3.2/lib/active_record/connection_adapters/mysql_adapter.rb:576:in `real_connect'
    /Users/elfxf/.gem/ruby/1.8/gems/activerecord-2.3.2/lib/active_record/connection_adapters/mysql_adapter.rb:576:in `connect'
    /Users/elfxf/.gem/ruby/1.8/gems/activerecord-2.3.2/lib/active_record/connection_adapters/mysql_adapter.rb:204:in `initialize'
    /Users/elfxf/.gem/ruby/1.8/gems/activerecord-2.3.2/lib/active_record/connection_adapters/mysql_adapter.rb:76:in `new'
    /Users/elfxf/.gem/ruby/1.8/gems/activerecord-2.3.2/lib/active_record/connection_adapters/mysql_adapter.rb:76:in `mysql_connection'
    /Users/elfxf/.gem/ruby/1.8/gems/activerecord-2.3.2/lib/active_record/connection_adapters/abstract/connection_pool.rb:223:in `send'
    /Users/elfxf/.gem/ruby/1.8/gems/activerecord-2.3.2/lib/active_record/connection_adapters/abstract/connection_pool.rb:223:in `new_connection'
    /Users/elfxf/.gem/ruby/1.8/gems/activerecord-2.3.2/lib/active_record/connection_adapters/abstract/connection_pool.rb:245:in `checkout_new_connection'
    /Users/elfxf/.gem/ruby/1.8/gems/activerecord-2.3.2/lib/active_record/connection_adapters/abstract/connection_pool.rb:188:in `checkout'
    /Users/elfxf/.gem/ruby/1.8/gems/activerecord-2.3.2/lib/active_record/connection_adapters/abstract/connection_pool.rb:184:in `loop'
    /Users/elfxf/.gem/ruby/1.8/gems/activerecord-2.3.2/lib/active_record/connection_adapters/abstract/connection_pool.rb:184:in `checkout'
    /System/Library/Frameworks/Ruby.framework/Versions/1.8/usr/lib/ruby/1.8/monitor.rb:242:in `synchronize'
    /Users/elfxf/.gem/ruby/1.8/gems/activerecord-2.3.2/lib/active_record/connection_adapters/abstract/connection_pool.rb:183:in `checkout'
    /Users/elfxf/.gem/ruby/1.8/gems/activerecord-2.3.2/lib/active_record/connection_adapters/abstract/connection_pool.rb:98:in `connection'
    /Users/elfxf/.gem/ruby/1.8/gems/activerecord-2.3.2/lib/active_record/connection_adapters/abstract/connection_pool.rb:326:in `retrieve_connection'
    /Users/elfxf/.gem/ruby/1.8/gems/activerecord-2.3.2/lib/active_record/connection_adapters/abstract/connection_specification.rb:123:in `retrieve_connection'
    /Users/elfxf/.gem/ruby/1.8/gems/activerecord-2.3.2/lib/active_record/connection_adapters/abstract/connection_specification.rb:115:in `connection'
    /Users/elfxf/.gem/ruby/1.8/gems/activerecord-2.3.2/lib/active_record/query_cache.rb:9:in `cache'
    /Users/elfxf/.gem/ruby/1.8/gems/activerecord-2.3.2/lib/active_record/query_cache.rb:28:in `call'
    /Users/elfxf/.gem/ruby/1.8/gems/activerecord-2.3.2/lib/active_record/connection_adapters/abstract/connection_pool.rb:361:in `call'
    /Users/elfxf/.gem/ruby/1.8/gems/actionpack-2.3.2/lib/action_controller/vendor/rack-1.0/rack/head.rb:9:in `call'
    /Users/elfxf/.gem/ruby/1.8/gems/actionpack-2.3.2/lib/action_controller/vendor/rack-1.0/rack/methodoverride.rb:24:in `call'
    /Users/elfxf/.gem/ruby/1.8/gems/actionpack-2.3.2/lib/action_controller/params_parser.rb:15:in `call'
    /Users/elfxf/.gem/ruby/1.8/gems/actionpack-2.3.2/lib/action_controller/rewindable_input.rb:25:in `call'
    /Users/elfxf/.gem/ruby/1.8/gems/actionpack-2.3.2/lib/action_controller/session/cookie_store.rb:93:in `call'
    /Users/elfxf/.gem/ruby/1.8/gems/actionpack-2.3.2/lib/action_controller/reloader.rb:9:in `call'
    /Users/elfxf/.gem/ruby/1.8/gems/actionpack-2.3.2/lib/action_controller/failsafe.rb:11:in `call'
    /Users/elfxf/.gem/ruby/1.8/gems/actionpack-2.3.2/lib/action_controller/vendor/rack-1.0/rack/lock.rb:11:in `call'
    /Users/elfxf/.gem/ruby/1.8/gems/actionpack-2.3.2/lib/action_controller/vendor/rack-1.0/rack/lock.rb:11:in `synchronize'
    /Users/elfxf/.gem/ruby/1.8/gems/actionpack-2.3.2/lib/action_controller/vendor/rack-1.0/rack/lock.rb:11:in `call'
    /Users/elfxf/.gem/ruby/1.8/gems/actionpack-2.3.2/lib/action_controller/dispatcher.rb:106:in `call'
    /Users/elfxf/.gem/ruby/1.8/gems/rails-2.3.2/lib/rails/rack/static.rb:31:in `call'
    /Users/elfxf/.gem/ruby/1.8/gems/actionpack-2.3.2/lib/action_controller/vendor/rack-1.0/rack/urlmap.rb:46:in `call'
    /Users/elfxf/.gem/ruby/1.8/gems/actionpack-2.3.2/lib/action_controller/vendor/rack-1.0/rack/urlmap.rb:40:in `each'
    /Users/elfxf/.gem/ruby/1.8/gems/actionpack-2.3.2/lib/action_controller/vendor/rack-1.0/rack/urlmap.rb:40:in `call'
    /Users/elfxf/.gem/ruby/1.8/gems/rails-2.3.2/lib/rails/rack/log_tailer.rb:17:in `call'
    /Users/elfxf/.gem/ruby/1.8/gems/actionpack-2.3.2/lib/action_controller/vendor/rack-1.0/rack/content_length.rb:13:in `call'
    /Users/elfxf/.gem/ruby/1.8/gems/actionpack-2.3.2/lib/action_controller/vendor/rack-1.0/rack/chunked.rb:15:in `call'
    /Users/elfxf/.gem/ruby/1.8/gems/actionpack-2.3.2/lib/action_controller/vendor/rack-1.0/rack/handler/mongrel.rb:61:in `process'
    /Library/Ruby/Gems/1.8/gems/mongrel-1.1.5/lib/mongrel.rb:159:in `process_client'
    /Library/Ruby/Gems/1.8/gems/mongrel-1.1.5/lib/mongrel.rb:158:in `each'
    /Library/Ruby/Gems/1.8/gems/mongrel-1.1.5/lib/mongrel.rb:158:in `process_client'
    /Library/Ruby/Gems/1.8/gems/mongrel-1.1.5/lib/mongrel.rb:285:in `run'
    /Library/Ruby/Gems/1.8/gems/mongrel-1.1.5/lib/mongrel.rb:285:in `initialize'
    /Library/Ruby/Gems/1.8/gems/mongrel-1.1.5/lib/mongrel.rb:285:in `new'
    /Library/Ruby/Gems/1.8/gems/mongrel-1.1.5/lib/mongrel.rb:285:in `run'
    /Library/Ruby/Gems/1.8/gems/mongrel-1.1.5/lib/mongrel.rb:268:in `initialize'
    /Library/Ruby/Gems/1.8/gems/mongrel-1.1.5/lib/mongrel.rb:268:in `new'
    /Library/Ruby/Gems/1.8/gems/mongrel-1.1.5/lib/mongrel.rb:268:in `run'
    /Users/elfxf/.gem/ruby/1.8/gems/actionpack-2.3.2/lib/action_controller/vendor/rack-1.0/rack/handler/mongrel.rb:34:in `run'
    /Users/elfxf/.gem/ruby/1.8/gems/rails-2.3.2/lib/commands/server.rb:111
    /Library/Ruby/Site/1.8/rubygems/custom_require.rb:31:in `gem_original_require'
    /Library/Ruby/Site/1.8/rubygems/custom_require.rb:31:in `require'
    script/server:3
/!\ FAILSAFE /!\  Sat Mar 28 13:19:41 +0100 2009
  Status: 500 Internal Server Error
  Unknown database 'dressroom_development'
    /Users/elfxf/.gem/ruby/1.8/gems/activerecord-2.3.2/lib/active_record/connection_adapters/mysql_adapter.rb:576:in `real_connect'
    /Users/elfxf/.gem/ruby/1.8/gems/activerecord-2.3.2/lib/active_record/connection_adapters/mysql_adapter.rb:576:in `connect'
    /Users/elfxf/.gem/ruby/1.8/gems/activerecord-2.3.2/lib/active_record/connection_adapters/mysql_adapter.rb:204:in `initialize'
    /Users/elfxf/.gem/ruby/1.8/gems/activerecord-2.3.2/lib/active_record/connection_adapters/mysql_adapter.rb:76:in `new'
    /Users/elfxf/.gem/ruby/1.8/gems/activerecord-2.3.2/lib/active_record/connection_adapters/mysql_adapter.rb:76:in `mysql_connection'
    /Users/elfxf/.gem/ruby/1.8/gems/activerecord-2.3.2/lib/active_record/connection_adapters/abstract/connection_pool.rb:223:in `send'
    /Users/elfxf/.gem/ruby/1.8/gems/activerecord-2.3.2/lib/active_record/connection_adapters/abstract/connection_pool.rb:223:in `new_connection'
    /Users/elfxf/.gem/ruby/1.8/gems/activerecord-2.3.2/lib/active_record/connection_adapters/abstract/connection_pool.rb:245:in `checkout_new_connection'
    /Users/elfxf/.gem/ruby/1.8/gems/activerecord-2.3.2/lib/active_record/connection_adapters/abstract/connection_pool.rb:188:in `checkout'
    /Users/elfxf/.gem/ruby/1.8/gems/activerecord-2.3.2/lib/active_record/connection_adapters/abstract/connection_pool.rb:184:in `loop'
    /Users/elfxf/.gem/ruby/1.8/gems/activerecord-2.3.2/lib/active_record/connection_adapters/abstract/connection_pool.rb:184:in `checkout'
    /System/Library/Frameworks/Ruby.framework/Versions/1.8/usr/lib/ruby/1.8/monitor.rb:242:in `synchronize'
    /Users/elfxf/.gem/ruby/1.8/gems/activerecord-2.3.2/lib/active_record/connection_adapters/abstract/connection_pool.rb:183:in `checkout'
    /Users/elfxf/.gem/ruby/1.8/gems/activerecord-2.3.2/lib/active_record/connection_adapters/abstract/connection_pool.rb:98:in `connection'
    /Users/elfxf/.gem/ruby/1.8/gems/activerecord-2.3.2/lib/active_record/connection_adapters/abstract/connection_pool.rb:326:in `retrieve_connection'
    /Users/elfxf/.gem/ruby/1.8/gems/activerecord-2.3.2/lib/active_record/connection_adapters/abstract/connection_specification.rb:123:in `retrieve_connection'
    /Users/elfxf/.gem/ruby/1.8/gems/activerecord-2.3.2/lib/active_record/connection_adapters/abstract/connection_specification.rb:115:in `connection'
    /Users/elfxf/.gem/ruby/1.8/gems/activerecord-2.3.2/lib/active_record/query_cache.rb:9:in `cache'
    /Users/elfxf/.gem/ruby/1.8/gems/activerecord-2.3.2/lib/active_record/query_cache.rb:28:in `call'
    /Users/elfxf/.gem/ruby/1.8/gems/activerecord-2.3.2/lib/active_record/connection_adapters/abstract/connection_pool.rb:361:in `call'
    /Users/elfxf/.gem/ruby/1.8/gems/actionpack-2.3.2/lib/action_controller/vendor/rack-1.0/rack/head.rb:9:in `call'
    /Users/elfxf/.gem/ruby/1.8/gems/actionpack-2.3.2/lib/action_controller/vendor/rack-1.0/rack/methodoverride.rb:24:in `call'
    /Users/elfxf/.gem/ruby/1.8/gems/actionpack-2.3.2/lib/action_controller/params_parser.rb:15:in `call'
    /Users/elfxf/.gem/ruby/1.8/gems/actionpack-2.3.2/lib/action_controller/rewindable_input.rb:25:in `call'
    /Users/elfxf/.gem/ruby/1.8/gems/actionpack-2.3.2/lib/action_controller/session/cookie_store.rb:93:in `call'
    /Users/elfxf/.gem/ruby/1.8/gems/actionpack-2.3.2/lib/action_controller/reloader.rb:9:in `call'
    /Users/elfxf/.gem/ruby/1.8/gems/actionpack-2.3.2/lib/action_controller/failsafe.rb:11:in `call'
    /Users/elfxf/.gem/ruby/1.8/gems/actionpack-2.3.2/lib/action_controller/vendor/rack-1.0/rack/lock.rb:11:in `call'
    /Users/elfxf/.gem/ruby/1.8/gems/actionpack-2.3.2/lib/action_controller/vendor/rack-1.0/rack/lock.rb:11:in `synchronize'
    /Users/elfxf/.gem/ruby/1.8/gems/actionpack-2.3.2/lib/action_controller/vendor/rack-1.0/rack/lock.rb:11:in `call'
    /Users/elfxf/.gem/ruby/1.8/gems/actionpack-2.3.2/lib/action_controller/dispatcher.rb:106:in `call'
    /Users/elfxf/.gem/ruby/1.8/gems/rails-2.3.2/lib/rails/rack/static.rb:31:in `call'
    /Users/elfxf/.gem/ruby/1.8/gems/actionpack-2.3.2/lib/action_controller/vendor/rack-1.0/rack/urlmap.rb:46:in `call'
    /Users/elfxf/.gem/ruby/1.8/gems/actionpack-2.3.2/lib/action_controller/vendor/rack-1.0/rack/urlmap.rb:40:in `each'
    /Users/elfxf/.gem/ruby/1.8/gems/actionpack-2.3.2/lib/action_controller/vendor/rack-1.0/rack/urlmap.rb:40:in `call'
    /Users/elfxf/.gem/ruby/1.8/gems/rails-2.3.2/lib/rails/rack/log_tailer.rb:17:in `call'
    /Users/elfxf/.gem/ruby/1.8/gems/actionpack-2.3.2/lib/action_controller/vendor/rack-1.0/rack/content_length.rb:13:in `call'
    /Users/elfxf/.gem/ruby/1.8/gems/actionpack-2.3.2/lib/action_controller/vendor/rack-1.0/rack/chunked.rb:15:in `call'
    /Users/elfxf/.gem/ruby/1.8/gems/actionpack-2.3.2/lib/action_controller/vendor/rack-1.0/rack/handler/mongrel.rb:61:in `process'
    /Library/Ruby/Gems/1.8/gems/mongrel-1.1.5/lib/mongrel.rb:159:in `process_client'
    /Library/Ruby/Gems/1.8/gems/mongrel-1.1.5/lib/mongrel.rb:158:in `each'
    /Library/Ruby/Gems/1.8/gems/mongrel-1.1.5/lib/mongrel.rb:158:in `process_client'
    /Library/Ruby/Gems/1.8/gems/mongrel-1.1.5/lib/mongrel.rb:285:in `run'
    /Library/Ruby/Gems/1.8/gems/mongrel-1.1.5/lib/mongrel.rb:285:in `initialize'
    /Library/Ruby/Gems/1.8/gems/mongrel-1.1.5/lib/mongrel.rb:285:in `new'
    /Library/Ruby/Gems/1.8/gems/mongrel-1.1.5/lib/mongrel.rb:285:in `run'
    /Library/Ruby/Gems/1.8/gems/mongrel-1.1.5/lib/mongrel.rb:268:in `initialize'
    /Library/Ruby/Gems/1.8/gems/mongrel-1.1.5/lib/mongrel.rb:268:in `new'
    /Library/Ruby/Gems/1.8/gems/mongrel-1.1.5/lib/mongrel.rb:268:in `run'
    /Users/elfxf/.gem/ruby/1.8/gems/actionpack-2.3.2/lib/action_controller/vendor/rack-1.0/rack/handler/mongrel.rb:34:in `run'
    /Users/elfxf/.gem/ruby/1.8/gems/rails-2.3.2/lib/commands/server.rb:111
    /Library/Ruby/Site/1.8/rubygems/custom_require.rb:31:in `gem_original_require'
    /Library/Ruby/Site/1.8/rubygems/custom_require.rb:31:in `require'
    script/server:3
  [4;36;1mSQL (0.2ms)[0m   [0;1mSET NAMES 'utf8'[0m
  [4;35;1mSQL (0.1ms)[0m   [0mSET SQL_AUTO_IS_NULL=0[0m
  [4;36;1mSQL (71.6ms)[0m   [0;1mSHOW TABLES[0m
  [4;35;1mSQL (447.6ms)[0m   [0mCREATE TABLE `schema_migrations` (`version` varchar(255) NOT NULL) ENGINE=InnoDB[0m
  [4;36;1mSQL (113.0ms)[0m   [0;1mCREATE UNIQUE INDEX `unique_schema_migrations` ON `schema_migrations` (`version`)[0m
  [4;35;1mSQL (0.5ms)[0m   [0mSHOW TABLES[0m
  [4;36;1mSQL (0.4ms)[0m   [0;1mSELECT version FROM schema_migrations[0m
Migrating to CreateUsers (20090328115852)
  [4;35;1mSQL (0.4ms)[0m   [0mSHOW TABLES[0m
  [4;36;1mSQL (4.5ms)[0m   [0;1mCREATE TABLE `users` (`id` int(11) DEFAULT NULL auto_increment PRIMARY KEY, `login` varchar(40), `name` varchar(100) DEFAULT '', `email` varchar(100), `crypted_password` varchar(40), `salt` varchar(40), `created_at` datetime, `updated_at` datetime, `remember_token` varchar(40), `remember_token_expires_at` datetime) ENGINE=InnoDB[0m
  [4;35;1mSQL (41.7ms)[0m   [0mCREATE UNIQUE INDEX `index_users_on_login` ON `users` (`login`)[0m
  [4;36;1mSQL (24.7ms)[0m   [0;1mINSERT INTO schema_migrations (version) VALUES ('20090328115852')[0m
Migrating to CreateRoles (20090328120004)
  [4;35;1mSQL (3.1ms)[0m   [0mCREATE TABLE `roles` (`id` int(11) DEFAULT NULL auto_increment PRIMARY KEY, `name` varchar(255)) ENGINE=InnoDB[0m
  [4;36;1mSQL (3.5ms)[0m   [0;1mCREATE TABLE `roles_users` (`role_id` int(11), `user_id` int(11)) ENGINE=InnoDB[0m
  [4;35;1mSQL (42.8ms)[0m   [0mCREATE INDEX `index_roles_users_on_role_id` ON `roles_users` (`role_id`)[0m
  [4;36;1mSQL (11.7ms)[0m   [0;1mCREATE INDEX `index_roles_users_on_user_id` ON `roles_users` (`user_id`)[0m
  [4;35;1mSQL (0.9ms)[0m   [0mINSERT INTO schema_migrations (version) VALUES ('20090328120004')[0m
  [4;36;1mSQL (0.5ms)[0m   [0;1mSHOW TABLES[0m
  [4;35;1mSQL (0.2ms)[0m   [0mSELECT version FROM schema_migrations[0m
  [4;36;1mSQL (0.4ms)[0m   [0;1mSHOW TABLES[0m
  [4;35;1mSQL (95.4ms)[0m   [0mSHOW FIELDS FROM `roles`[0m
  [4;36;1mSQL (8.1ms)[0m   [0;1mdescribe `roles`[0m
  [4;35;1mSQL (5.7ms)[0m   [0mSHOW KEYS FROM `roles`[0m
  [4;36;1mSQL (2.4ms)[0m   [0;1mSHOW FIELDS FROM `roles_users`[0m
  [4;35;1mSQL (1.7ms)[0m   [0mdescribe `roles_users`[0m
  [4;36;1mSQL (1.0ms)[0m   [0;1mSHOW KEYS FROM `roles_users`[0m
  [4;35;1mSQL (1.7ms)[0m   [0mSHOW FIELDS FROM `users`[0m
  [4;36;1mSQL (2.8ms)[0m   [0;1mdescribe `users`[0m
  [4;35;1mSQL (0.4ms)[0m   [0mSHOW KEYS FROM `users`[0m
  [4;36;1mSQL (0.2ms)[0m   [0;1mSET NAMES 'utf8'[0m
  [4;35;1mSQL (0.1ms)[0m   [0mSET SQL_AUTO_IS_NULL=0[0m


Processing UsersController#show (for 127.0.0.1 at 2009-03-28 13:29:32) [GET]
  Parameters: {"id"=>"1"}

ActionController::UnknownAction (No action responded to show. Actions: access_denied, check_roles, create, new, role_requirements, and role_requirements=):
  haml (2.0.9) lib/sass/plugin/rails.rb:19:in `process'

Rendering rescues/layout (not_found)
  [4;36;1mSQL (0.1ms)[0m   [0;1mSET NAMES 'utf8'[0m
  [4;35;1mSQL (0.1ms)[0m   [0mSET SQL_AUTO_IS_NULL=0[0m


Processing UsersController#index (for 127.0.0.1 at 2009-03-28 13:29:38) [GET]

ActionController::UnknownAction (No action responded to index. Actions: access_denied, check_roles, create, new, role_requirements, and role_requirements=):
  haml (2.0.9) lib/sass/plugin/rails.rb:19:in `process'

Rendering rescues/layout (not_found)
  [4;36;1mSQL (0.1ms)[0m   [0;1mSET NAMES 'utf8'[0m
  [4;35;1mSQL (0.1ms)[0m   [0mSET SQL_AUTO_IS_NULL=0[0m


Processing UsersController#new (for 127.0.0.1 at 2009-03-28 13:29:48) [GET]
  [4;36;1mUser Columns (3.0ms)[0m   [0;1mSHOW FIELDS FROM `users`[0m
Rendering users/new
Completed in 107ms (View: 73, DB: 3) | 200 OK [http://localhost/users/new]
  [4;35;1mSQL (0.2ms)[0m   [0mSET NAMES 'utf8'[0m
  [4;36;1mSQL (0.1ms)[0m   [0;1mSET SQL_AUTO_IS_NULL=0[0m


Processing UsersController#new (for 127.0.0.1 at 2009-03-28 13:31:57) [GET]
  [4;35;1mUser Columns (3.0ms)[0m   [0mSHOW FIELDS FROM `users`[0m
Rendering template within layouts/application
Rendering users/new

ActionView::TemplateError (No such file or directory - /Users/elfxf/rails/dressroom/app/views/users/_user_bar.html.haml) on line #7 of app/views/layouts/application.haml:
4:     %title piffpaff
5:     
6:   %body
7:     - render :partial => "users/user_bar"
8:     = yield

    haml (2.0.9) lib/haml/helpers/action_view_mods.rb:12:in `render'
    haml (2.0.9) lib/haml/helpers.rb:57:in `non_haml'
    haml (2.0.9) lib/haml/helpers/action_view_mods.rb:12:in `render'
    app/views/layouts/application.haml:7:in `_run_haml_app47views47layouts47application46haml'
    haml (2.0.9) lib/haml/helpers/action_view_mods.rb:14:in `render'
    haml (2.0.9) lib/haml/helpers/action_view_mods.rb:14:in `render'
    haml (2.0.9) lib/sass/plugin/rails.rb:19:in `process'

Rendered rescues/_trace (47.8ms)
Rendered rescues/_request_and_response (1.4ms)
Rendering rescues/layout (internal_server_error)
  [4;36;1mSQL (0.1ms)[0m   [0;1mSET NAMES 'utf8'[0m
  [4;35;1mSQL (0.1ms)[0m   [0mSET SQL_AUTO_IS_NULL=0[0m


Processing UsersController#new (for 127.0.0.1 at 2009-03-28 13:32:15) [GET]
  [4;36;1mUser Columns (3.1ms)[0m   [0;1mSHOW FIELDS FROM `users`[0m
Rendering template within layouts/application
Rendering users/new

ActionView::TemplateError (Illegal nesting: nesting within plain text is illegal.) on line #2 of app/views/users/_user_bar.html.haml:
1: <% if logged_in? -%>
2:   <div id="user-bar-greeting">Logged in as <%= link_to_current_user :content_method => :login %></div>
3:   <div id="user-bar-action"  >(<%= link_to "Log out", logout_path, { :title => "Log out" }    %>)</div>
4: <% else -%>
5:   <div id="user-bar-greeting"><%= link_to_login_with_IP 'Not logged in', :style => 'border: none;' %></div>

    app/views/users/_user_bar.html.haml:2
    haml (2.0.9) lib/haml/precompiler.rb:314:in `push_plain'
    haml (2.0.9) lib/haml/precompiler.rb:228:in `process_line'
    haml (2.0.9) lib/haml/precompiler.rb:156:in `precompile'
    haml (2.0.9) lib/haml/precompiler.rb:122:in `each'
    haml (2.0.9) lib/haml/precompiler.rb:122:in `each_with_index'
    haml (2.0.9) lib/haml/precompiler.rb:122:in `precompile'
    haml (2.0.9) lib/haml/engine.rb:100:in `initialize'
    haml (2.0.9) lib/haml/template/plugin.rb:21:in `new'
    haml (2.0.9) lib/haml/template/plugin.rb:21:in `compile'
    haml (2.0.9) lib/haml/helpers/action_view_mods.rb:12:in `render'
    haml (2.0.9) lib/haml/helpers.rb:57:in `non_haml'
    haml (2.0.9) lib/haml/helpers/action_view_mods.rb:12:in `render'
    app/views/layouts/application.haml:7:in `_run_haml_app47views47layouts47application46haml'
    haml (2.0.9) lib/haml/helpers/action_view_mods.rb:14:in `render'
    haml (2.0.9) lib/haml/helpers/action_view_mods.rb:14:in `render'
    haml (2.0.9) lib/sass/plugin/rails.rb:19:in `process'

Rendered rescues/_trace (105.1ms)
Rendered rescues/_request_and_response (0.3ms)
Rendering rescues/layout (internal_server_error)
  [4;35;1mSQL (0.1ms)[0m   [0mSET NAMES 'utf8'[0m
  [4;36;1mSQL (0.1ms)[0m   [0;1mSET SQL_AUTO_IS_NULL=0[0m


Processing UsersController#new (for 127.0.0.1 at 2009-03-28 13:32:28) [GET]
  [4;35;1mUser Columns (3.3ms)[0m   [0mSHOW FIELDS FROM `users`[0m
Rendering template within layouts/application
Rendering users/new

ActionView::TemplateError (Illegal nesting: content can't be both given on the same line as %div and nested within it.) on line #4 of app/views/users/_user_bar.html.haml:
1: - if logged_in?
2: 
3:   #user-bar Logged in as
4:     = link_to_current_user :content_method => :login
5:     (
6:     = link_to "Log out", logout_path, {:title => "Log out"}
7:     )

    app/views/users/_user_bar.html.haml:4
    haml (2.0.9) lib/haml/precompiler.rb:585:in `render_tag'
    haml (2.0.9) lib/haml/precompiler.rb:642:in `render_div'
    haml (2.0.9) lib/haml/precompiler.rb:191:in `process_line'
    haml (2.0.9) lib/haml/precompiler.rb:156:in `precompile'
    haml (2.0.9) lib/haml/precompiler.rb:122:in `each'
    haml (2.0.9) lib/haml/precompiler.rb:122:in `each_with_index'
    haml (2.0.9) lib/haml/precompiler.rb:122:in `precompile'
    haml (2.0.9) lib/haml/engine.rb:100:in `initialize'
    haml (2.0.9) lib/haml/template/plugin.rb:21:in `new'
    haml (2.0.9) lib/haml/template/plugin.rb:21:in `compile'
    haml (2.0.9) lib/haml/helpers/action_view_mods.rb:12:in `render'
    haml (2.0.9) lib/haml/helpers.rb:57:in `non_haml'
    haml (2.0.9) lib/haml/helpers/action_view_mods.rb:12:in `render'
    app/views/layouts/application.haml:7:in `_run_haml_app47views47layouts47application46haml'
    haml (2.0.9) lib/haml/helpers/action_view_mods.rb:14:in `render'
    haml (2.0.9) lib/haml/helpers/action_view_mods.rb:14:in `render'
    haml (2.0.9) lib/sass/plugin/rails.rb:19:in `process'

Rendered rescues/_trace (104.8ms)
Rendered rescues/_request_and_response (0.3ms)
Rendering rescues/layout (internal_server_error)
  [4;36;1mSQL (0.2ms)[0m   [0;1mSET NAMES 'utf8'[0m
  [4;35;1mSQL (0.1ms)[0m   [0mSET SQL_AUTO_IS_NULL=0[0m


Processing UsersController#new (for 127.0.0.1 at 2009-03-28 13:33:15) [GET]
  [4;36;1mUser Columns (3.0ms)[0m   [0;1mSHOW FIELDS FROM `users`[0m
Rendering template within layouts/application
Rendering users/new
  [4;35;1mUser Load (23.2ms)[0m   [0mSELECT * FROM `users` WHERE (`users`.`remember_token` = '') LIMIT 1[0m
Rendered users/_user_bar (27.0ms)
Completed in 46ms (View: 12, DB: 27) | 200 OK [http://localhost/users/new]
  [4;36;1mSQL (0.1ms)[0m   [0;1mSET NAMES 'utf8'[0m
  [4;35;1mSQL (0.1ms)[0m   [0mSET SQL_AUTO_IS_NULL=0[0m


Processing UsersController#new (for 127.0.0.1 at 2009-03-28 13:34:12) [GET]
  [4;36;1mUser Columns (3.1ms)[0m   [0;1mSHOW FIELDS FROM `users`[0m
Rendering template within layouts/application
Rendering users/new
  [4;35;1mUser Load (0.3ms)[0m   [0mSELECT * FROM `users` WHERE (`users`.`remember_token` = '') LIMIT 1[0m
Rendered users/_user_bar (1.4ms)
Completed in 21ms (View: 10, DB: 4) | 200 OK [http://localhost/users/new]
  [4;36;1mSQL (0.1ms)[0m   [0;1mSET NAMES 'utf8'[0m
  [4;35;1mSQL (0.1ms)[0m   [0mSET SQL_AUTO_IS_NULL=0[0m


Processing UsersController#new (for 127.0.0.1 at 2009-03-28 13:34:20) [GET]
  [4;36;1mUser Columns (2.9ms)[0m   [0;1mSHOW FIELDS FROM `users`[0m
Rendering template within layouts/application
Rendering users/new
  [4;35;1mUser Load (0.3ms)[0m   [0mSELECT * FROM `users` WHERE (`users`.`remember_token` = '') LIMIT 1[0m
Rendered users/_user_bar (1.4ms)
Completed in 21ms (View: 9, DB: 3) | 200 OK [http://localhost/users/new]
  [4;36;1mSQL (0.2ms)[0m   [0;1mSET NAMES 'utf8'[0m
  [4;35;1mSQL (0.1ms)[0m   [0mSET SQL_AUTO_IS_NULL=0[0m


Processing UsersController#new (for 127.0.0.1 at 2009-03-28 13:34:22) [GET]
  [4;36;1mUser Columns (2.1ms)[0m   [0;1mSHOW FIELDS FROM `users`[0m
Rendering template within layouts/application
Rendering users/new
  [4;35;1mUser Load (0.3ms)[0m   [0mSELECT * FROM `users` WHERE (`users`.`remember_token` = '') LIMIT 1[0m
Rendered users/_user_bar (1.3ms)
Completed in 15ms (View: 5, DB: 3) | 200 OK [http://localhost/users/new]
  [4;36;1mSQL (0.1ms)[0m   [0;1mSET NAMES 'utf8'[0m
  [4;35;1mSQL (0.1ms)[0m   [0mSET SQL_AUTO_IS_NULL=0[0m


Processing UsersController#new (for 127.0.0.1 at 2009-03-28 13:34:33) [GET]
  [4;36;1mUser Columns (3.2ms)[0m   [0;1mSHOW FIELDS FROM `users`[0m
Rendering template within layouts/application
Rendering users/new
  [4;35;1mUser Load (0.3ms)[0m   [0mSELECT * FROM `users` WHERE (`users`.`remember_token` = '') LIMIT 1[0m
Rendered users/_user_bar (1.7ms)
Completed in 23ms (View: 12, DB: 4) | 200 OK [http://localhost/users/new]
  [4;36;1mSQL (0.1ms)[0m   [0;1mSET NAMES 'utf8'[0m
  [4;35;1mSQL (0.1ms)[0m   [0mSET SQL_AUTO_IS_NULL=0[0m


Processing UsersController#new (for 127.0.0.1 at 2009-03-28 13:34:33) [GET]
  [4;36;1mUser Columns (3.0ms)[0m   [0;1mSHOW FIELDS FROM `users`[0m
Rendering template within layouts/application
Rendering users/new
  [4;35;1mUser Load (0.3ms)[0m   [0mSELECT * FROM `users` WHERE (`users`.`remember_token` = '') LIMIT 1[0m
Rendered users/_user_bar (1.5ms)
Completed in 17ms (View: 6, DB: 3) | 200 OK [http://localhost/users/new]
  [4;36;1mSQL (0.1ms)[0m   [0;1mSET NAMES 'utf8'[0m
  [4;35;1mSQL (0.2ms)[0m   [0mSET SQL_AUTO_IS_NULL=0[0m


Processing UsersController#new (for 127.0.0.1 at 2009-03-28 13:34:55) [GET]
  [4;36;1mUser Columns (2.3ms)[0m   [0;1mSHOW FIELDS FROM `users`[0m
Rendering template within layouts/application
Rendering users/new
  [4;35;1mUser Load (0.3ms)[0m   [0mSELECT * FROM `users` WHERE (`users`.`remember_token` = '') LIMIT 1[0m
Rendered users/_user_bar (1.4ms)
Completed in 19ms (View: 8, DB: 3) | 200 OK [http://localhost/users/new]
  [4;36;1mSQL (0.2ms)[0m   [0;1mSET NAMES 'utf8'[0m
  [4;35;1mSQL (0.1ms)[0m   [0mSET SQL_AUTO_IS_NULL=0[0m


Processing UsersController#new (for 127.0.0.1 at 2009-03-28 13:36:47) [GET]
  [4;36;1mUser Columns (2.9ms)[0m   [0;1mSHOW FIELDS FROM `users`[0m
Rendering template within layouts/application
Rendering users/new
  [4;35;1mUser Load (0.3ms)[0m   [0mSELECT * FROM `users` WHERE (`users`.`remember_token` = '') LIMIT 1[0m
Rendered users/_user_bar (1.4ms)
Completed in 21ms (View: 10, DB: 3) | 200 OK [http://localhost/users/new]
  [4;36;1mSQL (0.2ms)[0m   [0;1mSET NAMES 'utf8'[0m
  [4;35;1mSQL (0.1ms)[0m   [0mSET SQL_AUTO_IS_NULL=0[0m


Processing UsersController#new (for 127.0.0.1 at 2009-03-28 13:37:04) [GET]
  [4;36;1mUser Columns (3.0ms)[0m   [0;1mSHOW FIELDS FROM `users`[0m
Rendering template within layouts/application
Rendering users/new
  [4;35;1mUser Load (0.3ms)[0m   [0mSELECT * FROM `users` WHERE (`users`.`remember_token` = '') LIMIT 1[0m
Rendered users/_user_bar (1.3ms)
Completed in 78ms (View: 67, DB: 4) | 200 OK [http://localhost/users/new]
  [4;36;1mSQL (0.1ms)[0m   [0;1mSET NAMES 'utf8'[0m
  [4;35;1mSQL (0.1ms)[0m   [0mSET SQL_AUTO_IS_NULL=0[0m


Processing UsersController#new (for 127.0.0.1 at 2009-03-28 13:37:12) [GET]
  [4;36;1mUser Columns (2.9ms)[0m   [0;1mSHOW FIELDS FROM `users`[0m
Rendering template within layouts/application
Rendering users/new
  [4;35;1mUser Load (1.0ms)[0m   [0mSELECT * FROM `users` WHERE (`users`.`remember_token` = '') LIMIT 1[0m
Rendered users/_user_bar (2.5ms)
Completed in 19ms (View: 7, DB: 4) | 200 OK [http://localhost/users/new]
  [4;36;1mSQL (0.2ms)[0m   [0;1mSET NAMES 'utf8'[0m
  [4;35;1mSQL (0.1ms)[0m   [0mSET SQL_AUTO_IS_NULL=0[0m


Processing UsersController#create (for 127.0.0.1 at 2009-03-28 13:37:32) [POST]
  Parameters: {"user"=>{"password_confirmation"=>"qweasdzxc", "password"=>"qweasdzxc", "login"=>"ognevsky", "email"=>"ognevsky@gmail.com"}, "commit"=>"Sign up", "authenticity_token"=>"IpgU6wmTGfmFfTp8em9OLYvfybIVETYl3JqDII1vVJI="}
  [4;36;1mUser Columns (3.0ms)[0m   [0;1mSHOW FIELDS FROM `users`[0m
  [4;35;1mSQL (40.7ms)[0m   [0mBEGIN[0m
  [4;36;1mUser Exists (22.3ms)[0m   [0;1mSELECT `users`.id FROM `users` WHERE (`users`.`login` = BINARY 'ognevsky') LIMIT 1[0m
  [4;35;1mUser Exists (0.3ms)[0m   [0mSELECT `users`.id FROM `users` WHERE (`users`.`email` = BINARY 'ognevsky@gmail.com') LIMIT 1[0m
  [4;36;1mUser Create (24.9ms)[0m   [0;1mINSERT INTO `users` (`name`, `salt`, `updated_at`, `crypted_password`, `remember_token_expires_at`, `remember_token`, `login`, `email`, `created_at`) VALUES('', '64d94f4ed98aa8ac3aaccb801ad614d17ac82260', '2009-03-28 12:37:32', '6f2c011fdb088adca331edc347a5a71864e5b6c9', NULL, NULL, 'ognevsky', 'ognevsky@gmail.com', '2009-03-28 12:37:32')[0m
  [4;35;1mSQL (0.9ms)[0m   [0mCOMMIT[0m
Redirected to http://localhost:3000/
Completed in 149ms (DB: 92) | 302 Found [http://localhost/users]
  [4;36;1mSQL (0.2ms)[0m   [0;1mSET NAMES 'utf8'[0m
  [4;35;1mSQL (0.1ms)[0m   [0mSET SQL_AUTO_IS_NULL=0[0m


Processing HomeController#index (for 127.0.0.1 at 2009-03-28 13:37:32) [GET]
Rendering template within layouts/application
Rendering home/index
  [4;36;1mUser Columns (2.7ms)[0m   [0;1mSHOW FIELDS FROM `users`[0m
  [4;35;1mUser Load (0.3ms)[0m   [0mSELECT * FROM `users` WHERE (`users`.`id` = 1) LIMIT 1[0m
Rendered users/_user_bar (16.4ms)
Completed in 37ms (View: 32, DB: 3) | 200 OK [http://localhost/]
  [4;36;1mSQL (0.2ms)[0m   [0;1mSET NAMES 'utf8'[0m
  [4;35;1mSQL (0.1ms)[0m   [0mSET SQL_AUTO_IS_NULL=0[0m


Processing UsersController#index (for 127.0.0.1 at 2009-03-28 13:37:37) [GET]

ActionController::UnknownAction (No action responded to index. Actions: access_denied, check_roles, create, new, role_requirements, and role_requirements=):
  haml (2.0.9) lib/sass/plugin/rails.rb:19:in `process'

Rendering rescues/layout (not_found)
  [4;36;1mSQL (0.1ms)[0m   [0;1mSET NAMES 'utf8'[0m
  [4;35;1mSQL (0.1ms)[0m   [0mSET SQL_AUTO_IS_NULL=0[0m


Processing UsersController#index (for 127.0.0.1 at 2009-03-28 13:37:54) [GET]

ActionController::UnknownAction (No action responded to index. Actions: access_denied, check_roles, create, new, role_requirements, and role_requirements=):
  haml (2.0.9) lib/sass/plugin/rails.rb:19:in `process'

Rendering rescues/layout (not_found)
  [4;36;1mSQL (0.1ms)[0m   [0;1mSET NAMES 'utf8'[0m
  [4;35;1mSQL (0.1ms)[0m   [0mSET SQL_AUTO_IS_NULL=0[0m


Processing HomeController#index (for 127.0.0.1 at 2009-03-28 13:37:57) [GET]
Rendering template within layouts/application
Rendering home/index
  [4;36;1mUser Columns (3.0ms)[0m   [0;1mSHOW FIELDS FROM `users`[0m
  [4;35;1mUser Load (0.3ms)[0m   [0mSELECT * FROM `users` WHERE (`users`.`id` = 1) LIMIT 1[0m
Rendered users/_user_bar (14.3ms)
Completed in 74ms (View: 15, DB: 4) | 200 OK [http://localhost/]
  [4;36;1mSQL (0.1ms)[0m   [0;1mSET NAMES 'utf8'[0m
  [4;35;1mSQL (0.1ms)[0m   [0mSET SQL_AUTO_IS_NULL=0[0m


Processing HomeController#index (for 127.0.0.1 at 2009-03-28 13:38:24) [GET]
Rendering template within layouts/application
Rendering home/index
  [4;36;1mUser Columns (3.1ms)[0m   [0;1mSHOW FIELDS FROM `users`[0m
  [4;35;1mUser Load (0.3ms)[0m   [0mSELECT * FROM `users` WHERE (`users`.`id` = 1) LIMIT 1[0m
Rendered users/_user_bar (14.3ms)
Completed in 22ms (View: 17, DB: 4) | 200 OK [http://localhost/]
  [4;36;1mSQL (0.1ms)[0m   [0;1mSET NAMES 'utf8'[0m
  [4;35;1mSQL (0.1ms)[0m   [0mSET SQL_AUTO_IS_NULL=0[0m


Processing HomeController#index (for 127.0.0.1 at 2009-03-28 13:38:46) [GET]
Rendering template within layouts/application
Rendering home/index
  [4;36;1mUser Columns (3.0ms)[0m   [0;1mSHOW FIELDS FROM `users`[0m
  [4;35;1mUser Load (0.3ms)[0m   [0mSELECT * FROM `users` WHERE (`users`.`id` = 1) LIMIT 1[0m
Rendered users/_user_bar (14.1ms)
Completed in 20ms (View: 15, DB: 4) | 200 OK [http://localhost/]
  [4;36;1mSQL (0.1ms)[0m   [0;1mSET NAMES 'utf8'[0m
  [4;35;1mSQL (0.1ms)[0m   [0mSET SQL_AUTO_IS_NULL=0[0m


Processing HomeController#index (for 127.0.0.1 at 2009-03-28 13:39:12) [GET]
Rendering template within layouts/application
Rendering home/index
  [4;36;1mUser Columns (3.0ms)[0m   [0;1mSHOW FIELDS FROM `users`[0m
  [4;35;1mUser Load (0.3ms)[0m   [0mSELECT * FROM `users` WHERE (`users`.`id` = 1) LIMIT 1[0m
Rendered users/_user_bar (15.9ms)
Completed in 21ms (View: 16, DB: 4) | 200 OK [http://localhost/]
  [4;36;1mSQL (0.1ms)[0m   [0;1mSET NAMES 'utf8'[0m
  [4;35;1mSQL (0.1ms)[0m   [0mSET SQL_AUTO_IS_NULL=0[0m


Processing HomeController#index (for 127.0.0.1 at 2009-03-28 13:39:33) [GET]
Rendering template within layouts/application
Rendering home/index
  [4;36;1mUser Columns (3.0ms)[0m   [0;1mSHOW FIELDS FROM `users`[0m
  [4;35;1mUser Load (0.3ms)[0m   [0mSELECT * FROM `users` WHERE (`users`.`id` = 1) LIMIT 1[0m
Rendered users/_user_bar (16.5ms)
Completed in 75ms (View: 70, DB: 4) | 200 OK [http://localhost/]
  [4;36;1mSQL (0.2ms)[0m   [0;1mSET NAMES 'utf8'[0m
  [4;35;1mSQL (0.1ms)[0m   [0mSET SQL_AUTO_IS_NULL=0[0m


Processing HomeController#index (for 127.0.0.1 at 2009-03-28 13:39:52) [GET]
Rendering template within layouts/application
Rendering home/index
ERROR: compiling _run_haml_app47views47users47_user_bar46html46haml_locals_object_user_bar RAISED compile error
/Users/elfxf/rails/dressroom/app/views/users/_user_bar.html.haml:7: syntax error, unexpected ';'
Function body:           def _run_haml_app47views47users47_user_bar46html46haml_locals_object_user_bar(local_assigns)
            old_output_buffer = output_buffer;user_bar = local_assigns[:user_bar];object = local_assigns[:object];;extend Haml::Helpers;_hamlout = @haml_buffer = Haml::Buffer.new(@haml_buffer, {:format=>:xhtml, :attr_wrapper=>"'", :autoclose=>["meta", "img", "link", "br", "hr", "input", "area", "param", "col", "base"], :ugly=>false, :preserve=>["textarea", "pre"]});_erbout = _hamlout.buffer;__in_erb_template = true;; if logged_in?;



_hamlout.push_text("<div id='user-bar-greeting'>\n  Logged in as\n  ", false, 1);haml_temp =  link_to_current_user :content_method => :login;
haml_temp = _hamlout.push_script(haml_temp, false, false, false, false, false);
_hamlout.push_text("  (\n  ");haml_temp =  link_to "Log out", logout_path, { :title => "Log out" }<;
haml_temp = _hamlout.push_script(haml_temp, false, false, false, false, false);



_hamlout.push_text("  )\n  <br />\n  <br />\n</div>\n", false, -1); else;

_hamlout.push_text("<div id='user-bar-greeting'>\n  ", false, 1);haml_temp =  link_to_login_with_IP 'Not logged in', :style => 'border: none;';
haml_temp = _hamlout.push_script(haml_temp, false, false, false, false, false);

_hamlout.push_text("</div>\n<div id='user-bar-action'>\n  ");haml_temp =  link_to "Log in",  login_path,  { :title => "Log in" };
haml_temp = _hamlout.push_script(haml_temp, false, false, false, false, false);_hamlout.push_text("  ");haml_temp =  link_to "Sign up", signup_path, { :title => "Create an account" };
haml_temp = _hamlout.push_script(haml_temp, false, false, false, false, false);_hamlout.push_text("</div>\n", false, -1);end;
@haml_buffer = @haml_buffer.upper;_erbout;
          ensure
            self.output_buffer = old_output_buffer
          end
Backtrace: /Users/elfxf/rails/dressroom/app/views/users/_user_bar.html.haml:23:in `compile!'
/Users/elfxf/.gem/ruby/1.8/gems/actionpack-2.3.2/lib/action_view/renderable.rb:61:in `compile'
/Users/elfxf/.gem/ruby/1.8/gems/actionpack-2.3.2/lib/action_view/renderable.rb:28:in `render'
/Users/elfxf/.gem/ruby/1.8/gems/actionpack-2.3.2/lib/action_view/renderable_partial.rb:20:in `render'
/Users/elfxf/.gem/ruby/1.8/gems/actionpack-2.3.2/lib/action_controller/benchmarking.rb:26:in `benchmark'
/Users/elfxf/.gem/ruby/1.8/gems/activesupport-2.3.2/lib/active_support/core_ext/benchmark.rb:17:in `ms'
/Users/elfxf/.gem/ruby/1.8/gems/activesupport-2.3.2/lib/active_support/core_ext/benchmark.rb:10:in `realtime'
/Users/elfxf/.gem/ruby/1.8/gems/activesupport-2.3.2/lib/active_support/core_ext/benchmark.rb:17:in `ms'
/Users/elfxf/.gem/ruby/1.8/gems/actionpack-2.3.2/lib/action_controller/benchmarking.rb:26:in `benchmark'
/Users/elfxf/.gem/ruby/1.8/gems/actionpack-2.3.2/lib/action_view/renderable_partial.rb:19:in `render'
/Users/elfxf/.gem/ruby/1.8/gems/actionpack-2.3.2/lib/action_view/template.rb:194:in `render_template'
/Users/elfxf/.gem/ruby/1.8/gems/actionpack-2.3.2/lib/action_view/renderable_partial.rb:44:in `render_partial'
/Users/elfxf/.gem/ruby/1.8/gems/actionpack-2.3.2/lib/action_view/partials.rb:184:in `render_partial'
/Users/elfxf/.gem/ruby/1.8/gems/actionpack-2.3.2/lib/action_view/base.rb:262:in `render_without_haml'
/Users/elfxf/.gem/ruby/1.8/gems/haml-2.0.9/lib/haml/helpers/action_view_mods.rb:12:in `render'
/Users/elfxf/.gem/ruby/1.8/gems/haml-2.0.9/lib/haml/helpers.rb:57:in `non_haml'
/Users/elfxf/.gem/ruby/1.8/gems/haml-2.0.9/lib/haml/helpers/action_view_mods.rb:12:in `render'
/Users/elfxf/rails/dressroom/app/views/layouts/application.html.haml:7:in `_run_haml_app47views47layouts47application46html46haml'
/Users/elfxf/.gem/ruby/1.8/gems/actionpack-2.3.2/lib/action_view/renderable.rb:34:in `send'
/Users/elfxf/.gem/ruby/1.8/gems/actionpack-2.3.2/lib/action_view/renderable.rb:34:in `render'
/Users/elfxf/.gem/ruby/1.8/gems/actionpack-2.3.2/lib/action_view/base.rb:301:in `with_template'
/Users/elfxf/.gem/ruby/1.8/gems/actionpack-2.3.2/lib/action_view/renderable.rb:30:in `render'
/Users/elfxf/.gem/ruby/1.8/gems/actionpack-2.3.2/lib/action_view/template.rb:194:in `render_template'
/Users/elfxf/.gem/ruby/1.8/gems/actionpack-2.3.2/lib/action_view/base.rb:260:in `render_without_haml'
/Users/elfxf/.gem/ruby/1.8/gems/haml-2.0.9/lib/haml/helpers/action_view_mods.rb:14:in `render'
/Users/elfxf/.gem/ruby/1.8/gems/actionpack-2.3.2/lib/action_view/base.rb:347:in `_render_with_layout'
/Users/elfxf/.gem/ruby/1.8/gems/actionpack-2.3.2/lib/action_view/base.rb:257:in `render_without_haml'
/Users/elfxf/.gem/ruby/1.8/gems/haml-2.0.9/lib/haml/helpers/action_view_mods.rb:14:in `render'
/Users/elfxf/.gem/ruby/1.8/gems/actionpack-2.3.2/lib/action_controller/base.rb:1241:in `render_for_file'
/Users/elfxf/.gem/ruby/1.8/gems/actionpack-2.3.2/lib/action_controller/base.rb:937:in `render_without_benchmark'
/Users/elfxf/.gem/ruby/1.8/gems/actionpack-2.3.2/lib/action_controller/benchmarking.rb:51:in `render'
/Users/elfxf/.gem/ruby/1.8/gems/activesupport-2.3.2/lib/active_support/core_ext/benchmark.rb:17:in `ms'
/Users/elfxf/.gem/ruby/1.8/gems/activesupport-2.3.2/lib/active_support/core_ext/benchmark.rb:10:in `realtime'
/Users/elfxf/.gem/ruby/1.8/gems/activesupport-2.3.2/lib/active_support/core_ext/benchmark.rb:17:in `ms'
/Users/elfxf/.gem/ruby/1.8/gems/actionpack-2.3.2/lib/action_controller/benchmarking.rb:51:in `render'
/Users/elfxf/.gem/ruby/1.8/gems/actionpack-2.3.2/lib/action_controller/base.rb:1317:in `default_render'
/Users/elfxf/.gem/ruby/1.8/gems/actionpack-2.3.2/lib/action_controller/base.rb:1323:in `perform_action_without_filters'
/Users/elfxf/.gem/ruby/1.8/gems/actionpack-2.3.2/lib/action_controller/filters.rb:617:in `call_filters'
/Users/elfxf/.gem/ruby/1.8/gems/actionpack-2.3.2/lib/action_controller/filters.rb:610:in `perform_action_without_benchmark'
/Users/elfxf/.gem/ruby/1.8/gems/actionpack-2.3.2/lib/action_controller/benchmarking.rb:68:in `perform_action_without_rescue'
/Users/elfxf/.gem/ruby/1.8/gems/activesupport-2.3.2/lib/active_support/core_ext/benchmark.rb:17:in `ms'
/Users/elfxf/.gem/ruby/1.8/gems/activesupport-2.3.2/lib/active_support/core_ext/benchmark.rb:10:in `realtime'
/Users/elfxf/.gem/ruby/1.8/gems/activesupport-2.3.2/lib/active_support/core_ext/benchmark.rb:17:in `ms'
/Users/elfxf/.gem/ruby/1.8/gems/actionpack-2.3.2/lib/action_controller/benchmarking.rb:68:in `perform_action_without_rescue'
/Users/elfxf/.gem/ruby/1.8/gems/actionpack-2.3.2/lib/action_controller/rescue.rb:160:in `perform_action_without_flash'
/Users/elfxf/.gem/ruby/1.8/gems/actionpack-2.3.2/lib/action_controller/flash.rb:141:in `perform_action'
/Users/elfxf/.gem/ruby/1.8/gems/actionpack-2.3.2/lib/action_controller/base.rb:523:in `send'
/Users/elfxf/.gem/ruby/1.8/gems/actionpack-2.3.2/lib/action_controller/base.rb:523:in `process_without_filters'
/Users/elfxf/.gem/ruby/1.8/gems/actionpack-2.3.2/lib/action_controller/filters.rb:606:in `sass_old_process'
/Users/elfxf/.gem/ruby/1.8/gems/haml-2.0.9/lib/sass/plugin/rails.rb:19:in `process'
/Users/elfxf/.gem/ruby/1.8/gems/actionpack-2.3.2/lib/action_controller/base.rb:391:in `process'
/Users/elfxf/.gem/ruby/1.8/gems/actionpack-2.3.2/lib/action_controller/base.rb:386:in `call'
/Users/elfxf/.gem/ruby/1.8/gems/actionpack-2.3.2/lib/action_controller/routing/route_set.rb:433:in `call'
/Users/elfxf/.gem/ruby/1.8/gems/actionpack-2.3.2/lib/action_controller/dispatcher.rb:88:in `dispatch'
/Users/elfxf/.gem/ruby/1.8/gems/actionpack-2.3.2/lib/action_controller/dispatcher.rb:111:in `_call'
/Users/elfxf/.gem/ruby/1.8/gems/actionpack-2.3.2/lib/action_controller/dispatcher.rb:82:in `initialize'
/Users/elfxf/.gem/ruby/1.8/gems/activerecord-2.3.2/lib/active_record/query_cache.rb:29:in `call'
/Users/elfxf/.gem/ruby/1.8/gems/activerecord-2.3.2/lib/active_record/query_cache.rb:29:in `call'
/Users/elfxf/.gem/ruby/1.8/gems/activerecord-2.3.2/lib/active_record/connection_adapters/abstract/query_cache.rb:34:in `cache'
/Users/elfxf/.gem/ruby/1.8/gems/activerecord-2.3.2/lib/active_record/query_cache.rb:9:in `cache'
/Users/elfxf/.gem/ruby/1.8/gems/activerecord-2.3.2/lib/active_record/query_cache.rb:28:in `call'
/Users/elfxf/.gem/ruby/1.8/gems/activerecord-2.3.2/lib/active_record/connection_adapters/abstract/connection_pool.rb:361:in `call'
/Users/elfxf/.gem/ruby/1.8/gems/actionpack-2.3.2/lib/action_controller/vendor/rack-1.0/rack/head.rb:9:in `call'
/Users/elfxf/.gem/ruby/1.8/gems/actionpack-2.3.2/lib/action_controller/vendor/rack-1.0/rack/methodoverride.rb:24:in `call'
/Users/elfxf/.gem/ruby/1.8/gems/actionpack-2.3.2/lib/action_controller/params_parser.rb:15:in `call'
/Users/elfxf/.gem/ruby/1.8/gems/actionpack-2.3.2/lib/action_controller/rewindable_input.rb:25:in `call'
/Users/elfxf/.gem/ruby/1.8/gems/actionpack-2.3.2/lib/action_controller/session/cookie_store.rb:93:in `call'
/Users/elfxf/.gem/ruby/1.8/gems/actionpack-2.3.2/lib/action_controller/reloader.rb:9:in `call'
/Users/elfxf/.gem/ruby/1.8/gems/actionpack-2.3.2/lib/action_controller/failsafe.rb:11:in `call'
/Users/elfxf/.gem/ruby/1.8/gems/actionpack-2.3.2/lib/action_controller/vendor/rack-1.0/rack/lock.rb:11:in `call'
/Users/elfxf/.gem/ruby/1.8/gems/actionpack-2.3.2/lib/action_controller/vendor/rack-1.0/rack/lock.rb:11:in `synchronize'
/Users/elfxf/.gem/ruby/1.8/gems/actionpack-2.3.2/lib/action_controller/vendor/rack-1.0/rack/lock.rb:11:in `call'
/Users/elfxf/.gem/ruby/1.8/gems/actionpack-2.3.2/lib/action_controller/dispatcher.rb:106:in `call'
/Users/elfxf/.gem/ruby/1.8/gems/rails-2.3.2/lib/rails/rack/static.rb:31:in `call'
/Users/elfxf/.gem/ruby/1.8/gems/actionpack-2.3.2/lib/action_controller/vendor/rack-1.0/rack/urlmap.rb:46:in `call'
/Users/elfxf/.gem/ruby/1.8/gems/actionpack-2.3.2/lib/action_controller/vendor/rack-1.0/rack/urlmap.rb:40:in `each'
/Users/elfxf/.gem/ruby/1.8/gems/actionpack-2.3.2/lib/action_controller/vendor/rack-1.0/rack/urlmap.rb:40:in `call'
/Users/elfxf/.gem/ruby/1.8/gems/rails-2.3.2/lib/rails/rack/log_tailer.rb:17:in `call'
/Users/elfxf/.gem/ruby/1.8/gems/actionpack-2.3.2/lib/action_controller/vendor/rack-1.0/rack/content_length.rb:13:in `call'
/Users/elfxf/.gem/ruby/1.8/gems/actionpack-2.3.2/lib/action_controller/vendor/rack-1.0/rack/chunked.rb:15:in `call'
/Users/elfxf/.gem/ruby/1.8/gems/actionpack-2.3.2/lib/action_controller/vendor/rack-1.0/rack/handler/mongrel.rb:61:in `process'
/Library/Ruby/Gems/1.8/gems/mongrel-1.1.5/lib/mongrel.rb:159:in `process_client'
/Library/Ruby/Gems/1.8/gems/mongrel-1.1.5/lib/mongrel.rb:158:in `each'
/Library/Ruby/Gems/1.8/gems/mongrel-1.1.5/lib/mongrel.rb:158:in `process_client'
/Library/Ruby/Gems/1.8/gems/mongrel-1.1.5/lib/mongrel.rb:285:in `run'
/Library/Ruby/Gems/1.8/gems/mongrel-1.1.5/lib/mongrel.rb:285:in `initialize'
/Library/Ruby/Gems/1.8/gems/mongrel-1.1.5/lib/mongrel.rb:285:in `new'
/Library/Ruby/Gems/1.8/gems/mongrel-1.1.5/lib/mongrel.rb:285:in `run'
/Library/Ruby/Gems/1.8/gems/mongrel-1.1.5/lib/mongrel.rb:268:in `initialize'
/Library/Ruby/Gems/1.8/gems/mongrel-1.1.5/lib/mongrel.rb:268:in `new'
/Library/Ruby/Gems/1.8/gems/mongrel-1.1.5/lib/mongrel.rb:268:in `run'
/Users/elfxf/.gem/ruby/1.8/gems/actionpack-2.3.2/lib/action_controller/vendor/rack-1.0/rack/handler/mongrel.rb:34:in `run'
/Users/elfxf/.gem/ruby/1.8/gems/rails-2.3.2/lib/commands/server.rb:111
/Library/Ruby/Site/1.8/rubygems/custom_require.rb:31:in `gem_original_require'
/Library/Ruby/Site/1.8/rubygems/custom_require.rb:31:in `require'
script/server:3

ActionView::TemplateError (compile error
/Users/elfxf/rails/dressroom/app/views/users/_user_bar.html.haml:7: syntax error, unexpected ';') on line #7 of app/views/users/_user_bar.html.haml:
4:     Logged in as 
5:     = link_to_current_user :content_method => :login
6:     (
7:     = link_to "Log out", logout_path, { :title => "Log out" }<
8:     )
9:     %br
10:     %br

    app/views/users/_user_bar.html.haml:23:in `compile!'
    haml (2.0.9) lib/haml/helpers/action_view_mods.rb:12:in `render'
    haml (2.0.9) lib/haml/helpers.rb:57:in `non_haml'
    haml (2.0.9) lib/haml/helpers/action_view_mods.rb:12:in `render'
    app/views/layouts/application.html.haml:7:in `_run_haml_app47views47layouts47application46html46haml'
    haml (2.0.9) lib/haml/helpers/action_view_mods.rb:14:in `render'
    haml (2.0.9) lib/haml/helpers/action_view_mods.rb:14:in `render'
    haml (2.0.9) lib/sass/plugin/rails.rb:19:in `process'

Rendered rescues/_trace (45.3ms)
Rendered rescues/_request_and_response (0.2ms)
Rendering rescues/layout (internal_server_error)
  [4;36;1mSQL (0.2ms)[0m   [0;1mSET NAMES 'utf8'[0m
  [4;35;1mSQL (0.1ms)[0m   [0mSET SQL_AUTO_IS_NULL=0[0m


Processing HomeController#index (for 127.0.0.1 at 2009-03-28 13:39:59) [GET]
Rendering template within layouts/application
Rendering home/index
  [4;36;1mUser Columns (3.0ms)[0m   [0;1mSHOW FIELDS FROM `users`[0m
  [4;35;1mUser Load (0.3ms)[0m   [0mSELECT * FROM `users` WHERE (`users`.`id` = 1) LIMIT 1[0m
Rendered users/_user_bar (15.5ms)
Completed in 21ms (View: 16, DB: 4) | 200 OK [http://localhost/]
  [4;36;1mSQL (0.2ms)[0m   [0;1mSET NAMES 'utf8'[0m
  [4;35;1mSQL (0.2ms)[0m   [0mSET SQL_AUTO_IS_NULL=0[0m


Processing HomeController#index (for 127.0.0.1 at 2009-03-28 13:40:13) [GET]
Rendering template within layouts/application
Rendering home/index
  [4;36;1mUser Columns (2.0ms)[0m   [0;1mSHOW FIELDS FROM `users`[0m
  [4;35;1mUser Load (0.2ms)[0m   [0mSELECT * FROM `users` WHERE (`users`.`id` = 1) LIMIT 1[0m
Rendered users/_user_bar (12.6ms)
Completed in 17ms (View: 14, DB: 3) | 200 OK [http://localhost/]
  [4;36;1mSQL (0.2ms)[0m   [0;1mSET NAMES 'utf8'[0m
  [4;35;1mSQL (0.1ms)[0m   [0mSET SQL_AUTO_IS_NULL=0[0m


Processing HomeController#index (for 127.0.0.1 at 2009-03-28 13:40:25) [GET]
Rendering template within layouts/application
Rendering home/index
  [4;36;1mUser Columns (3.0ms)[0m   [0;1mSHOW FIELDS FROM `users`[0m
  [4;35;1mUser Load (0.3ms)[0m   [0mSELECT * FROM `users` WHERE (`users`.`id` = 1) LIMIT 1[0m
Rendered users/_user_bar (15.2ms)
Completed in 20ms (View: 15, DB: 4) | 200 OK [http://localhost/]
  [4;36;1mSQL (0.2ms)[0m   [0;1mSET NAMES 'utf8'[0m
  [4;35;1mSQL (0.1ms)[0m   [0mSET SQL_AUTO_IS_NULL=0[0m


Processing HomeController#index (for 127.0.0.1 at 2009-03-28 13:40:26) [GET]
Rendering template within layouts/application
Rendering home/index
  [4;36;1mUser Columns (2.0ms)[0m   [0;1mSHOW FIELDS FROM `users`[0m
  [4;35;1mUser Load (0.2ms)[0m   [0mSELECT * FROM `users` WHERE (`users`.`id` = 1) LIMIT 1[0m
Rendered users/_user_bar (11.6ms)
Completed in 15ms (View: 11, DB: 3) | 200 OK [http://localhost/]
  [4;36;1mSQL (0.1ms)[0m   [0;1mSET NAMES 'utf8'[0m
  [4;35;1mSQL (0.1ms)[0m   [0mSET SQL_AUTO_IS_NULL=0[0m


Processing HomeController#index (for 127.0.0.1 at 2009-03-28 14:16:19) [GET]
Rendering template within layouts/application
Rendering home/index
  [4;36;1mUser Columns (4.4ms)[0m   [0;1mSHOW FIELDS FROM `users`[0m
  [4;35;1mUser Load (0.3ms)[0m   [0mSELECT * FROM `users` WHERE (`users`.`id` = 1) LIMIT 1[0m
Rendered users/_user_bar (16.2ms)
Completed in 73ms (View: 67, DB: 5) | 200 OK [http://localhost/]
  [4;36;1mSQL (0.2ms)[0m   [0;1mSET NAMES 'utf8'[0m
  [4;35;1mSQL (0.1ms)[0m   [0mSET SQL_AUTO_IS_NULL=0[0m


Processing UsersController#show (for 127.0.0.1 at 2009-03-28 14:16:20) [GET]
  Parameters: {"id"=>"1"}

ActionController::UnknownAction (No action responded to show. Actions: access_denied, check_roles, create, new, role_requirements, and role_requirements=):
  haml (2.0.9) lib/sass/plugin/rails.rb:19:in `process'

Rendering rescues/layout (not_found)
  [4;36;1mSQL (0.2ms)[0m   [0;1mSET NAMES 'utf8'[0m
  [4;35;1mSQL (0.1ms)[0m   [0mSET SQL_AUTO_IS_NULL=0[0m
  [4;36;1mSQL (0.4ms)[0m   [0;1mSHOW TABLES[0m
  [4;35;1mSQL (0.2ms)[0m   [0mSELECT version FROM schema_migrations[0m
Migrating to CreateUsers (20090328115852)
Migrating to CreateRoles (20090328120004)
Migrating to CreateDetails (20090328134523)
  [4;36;1mSQL (79.8ms)[0m   [0;1mCREATE TABLE `details` (`id` int(11) DEFAULT NULL auto_increment PRIMARY KEY, `user_id` int(11), `icq` varchar(255), `skype` varchar(255), `gtalk` varchar(255), `jabber` varchar(255), `website` varchar(255), `twitter` varchar(255), `sex` tinyint(1), `birthdate` date, `country` varchar(255), `city` varchar(255), `created_at` datetime, `updated_at` datetime) ENGINE=InnoDB[0m
  [4;35;1mSQL (1.1ms)[0m   [0mINSERT INTO schema_migrations (version) VALUES ('20090328134523')[0m
  [4;36;1mSQL (0.4ms)[0m   [0;1mSHOW TABLES[0m
  [4;35;1mSQL (0.2ms)[0m   [0mSELECT version FROM schema_migrations[0m
  [4;36;1mSQL (0.2ms)[0m   [0;1mSHOW TABLES[0m
  [4;35;1mSQL (152.1ms)[0m   [0mSHOW FIELDS FROM `details`[0m
  [4;36;1mSQL (2.1ms)[0m   [0;1mdescribe `details`[0m
  [4;35;1mSQL (0.7ms)[0m   [0mSHOW KEYS FROM `details`[0m
  [4;36;1mSQL (1.5ms)[0m   [0;1mSHOW FIELDS FROM `roles`[0m
  [4;35;1mSQL (1.7ms)[0m   [0mdescribe `roles`[0m
  [4;36;1mSQL (1.0ms)[0m   [0;1mSHOW KEYS FROM `roles`[0m
  [4;35;1mSQL (1.0ms)[0m   [0mSHOW FIELDS FROM `roles_users`[0m
  [4;36;1mSQL (1.5ms)[0m   [0;1mdescribe `roles_users`[0m
  [4;35;1mSQL (0.9ms)[0m   [0mSHOW KEYS FROM `roles_users`[0m
  [4;36;1mSQL (1.6ms)[0m   [0;1mSHOW FIELDS FROM `users`[0m
  [4;35;1mSQL (3.1ms)[0m   [0mdescribe `users`[0m
  [4;36;1mSQL (0.4ms)[0m   [0;1mSHOW KEYS FROM `users`[0m
  [4;36;1mSQL (0.1ms)[0m   [0;1mSET NAMES 'utf8'[0m
  [4;35;1mSQL (0.1ms)[0m   [0mSET SQL_AUTO_IS_NULL=0[0m


Processing UsersController#show (for 127.0.0.1 at 2009-03-28 15:08:16) [GET]
  Parameters: {"id"=>"1"}

ActionController::UnknownAction (No action responded to show. Actions: access_denied, check_roles, create, index, new, role_requirements, and role_requirements=):
  haml (2.0.9) lib/sass/plugin/rails.rb:19:in `process'

Rendering rescues/layout (not_found)
  [4;36;1mSQL (0.2ms)[0m   [0;1mSET NAMES 'utf8'[0m
  [4;35;1mSQL (0.1ms)[0m   [0mSET SQL_AUTO_IS_NULL=0[0m


Processing UsersController#show (for 127.0.0.1 at 2009-03-28 15:08:18) [GET]
  Parameters: {"id"=>"1"}

ActionController::UnknownAction (No action responded to show. Actions: access_denied, check_roles, create, index, new, role_requirements, and role_requirements=):
  haml (2.0.9) lib/sass/plugin/rails.rb:19:in `process'

Rendering rescues/layout (not_found)
  [4;36;1mSQL (0.1ms)[0m   [0;1mSET NAMES 'utf8'[0m
  [4;35;1mSQL (0.1ms)[0m   [0mSET SQL_AUTO_IS_NULL=0[0m


Processing UsersController#show (for 127.0.0.1 at 2009-03-28 15:08:50) [GET]
  Parameters: {"id"=>"1"}
Rendering template within layouts/application
Rendering users/show

ActionView::TemplateError (You have a nil object when you didn't expect it!
The error occurred while evaluating nil.details) on line #1 of app/views/users/show.html.haml:
1: = @user.details.icq

    app/views/users/show.html.haml:1:in `_run_haml_app47views47users47show46html46haml'
    haml (2.0.9) lib/haml/helpers/action_view_mods.rb:14:in `render'
    haml (2.0.9) lib/haml/helpers/action_view_mods.rb:14:in `render'
    haml (2.0.9) lib/sass/plugin/rails.rb:19:in `process'

Rendered rescues/_trace (38.6ms)
Rendered rescues/_request_and_response (0.3ms)
Rendering rescues/layout (internal_server_error)
  [4;36;1mSQL (0.1ms)[0m   [0;1mSET NAMES 'utf8'[0m
  [4;35;1mSQL (0.1ms)[0m   [0mSET SQL_AUTO_IS_NULL=0[0m


Processing UsersController#show (for 127.0.0.1 at 2009-03-28 15:10:21) [GET]
  Parameters: {"id"=>"1"}
Rendering template within layouts/application
Rendering users/show

ActionView::TemplateError (You have a nil object when you didn't expect it!
The error occurred while evaluating nil.details) on line #1 of app/views/users/show.html.haml:
1: = @user.details.icq

    app/views/users/show.html.haml:1:in `_run_haml_app47views47users47show46html46haml'
    haml (2.0.9) lib/haml/helpers/action_view_mods.rb:14:in `render'
    haml (2.0.9) lib/haml/helpers/action_view_mods.rb:14:in `render'
    haml (2.0.9) lib/sass/plugin/rails.rb:19:in `process'

Rendered rescues/_trace (97.5ms)
Rendered rescues/_request_and_response (0.3ms)
Rendering rescues/layout (internal_server_error)
  [4;36;1mSQL (0.1ms)[0m   [0;1mSET NAMES 'utf8'[0m
  [4;35;1mSQL (0.1ms)[0m   [0mSET SQL_AUTO_IS_NULL=0[0m


Processing UsersController#show (for 127.0.0.1 at 2009-03-28 15:10:22) [GET]
  Parameters: {"id"=>"1"}
Rendering template within layouts/application
Rendering users/show

ActionView::TemplateError (You have a nil object when you didn't expect it!
The error occurred while evaluating nil.details) on line #1 of app/views/users/show.html.haml:
1: = @user.details.icq

    app/views/users/show.html.haml:1:in `_run_haml_app47views47users47show46html46haml'
    haml (2.0.9) lib/haml/helpers/action_view_mods.rb:14:in `render'
    haml (2.0.9) lib/haml/helpers/action_view_mods.rb:14:in `render'
    haml (2.0.9) lib/sass/plugin/rails.rb:19:in `process'

Rendered rescues/_trace (37.7ms)
Rendered rescues/_request_and_response (0.3ms)
Rendering rescues/layout (internal_server_error)
  [4;36;1mSQL (0.1ms)[0m   [0;1mSET NAMES 'utf8'[0m
  [4;35;1mSQL (0.1ms)[0m   [0mSET SQL_AUTO_IS_NULL=0[0m


Processing UsersController#show (for 127.0.0.1 at 2009-03-28 15:10:38) [GET]
  Parameters: {"id"=>"1"}
Rendering template within layouts/application
Rendering users/show

ActionView::TemplateError (You have a nil object when you didn't expect it!
The error occurred while evaluating nil.detail) on line #1 of app/views/users/show.html.haml:
1: = @user.detail.icq

    app/views/users/show.html.haml:1:in `_run_haml_app47views47users47show46html46haml'
    haml (2.0.9) lib/haml/helpers/action_view_mods.rb:14:in `render'
    haml (2.0.9) lib/haml/helpers/action_view_mods.rb:14:in `render'
    haml (2.0.9) lib/sass/plugin/rails.rb:19:in `process'

Rendered rescues/_trace (39.2ms)
Rendered rescues/_request_and_response (0.3ms)
Rendering rescues/layout (internal_server_error)
  [4;36;1mSQL (0.1ms)[0m   [0;1mSET NAMES 'utf8'[0m
  [4;35;1mSQL (0.1ms)[0m   [0mSET SQL_AUTO_IS_NULL=0[0m


Processing UsersController#show (for 127.0.0.1 at 2009-03-28 15:10:40) [GET]
  Parameters: {"id"=>"1"}
Rendering template within layouts/application
Rendering users/show

ActionView::TemplateError (You have a nil object when you didn't expect it!
The error occurred while evaluating nil.detail) on line #1 of app/views/users/show.html.haml:
1: = @user.detail.icq

    app/views/users/show.html.haml:1:in `_run_haml_app47views47users47show46html46haml'
    haml (2.0.9) lib/haml/helpers/action_view_mods.rb:14:in `render'
    haml (2.0.9) lib/haml/helpers/action_view_mods.rb:14:in `render'
    haml (2.0.9) lib/sass/plugin/rails.rb:19:in `process'

Rendered rescues/_trace (39.1ms)
Rendered rescues/_request_and_response (0.3ms)
Rendering rescues/layout (internal_server_error)
  [4;36;1mSQL (0.1ms)[0m   [0;1mSET NAMES 'utf8'[0m
  [4;35;1mSQL (0.1ms)[0m   [0mSET SQL_AUTO_IS_NULL=0[0m


Processing UsersController#show (for 127.0.0.1 at 2009-03-28 15:10:41) [GET]
  Parameters: {"id"=>"1"}
Rendering template within layouts/application
Rendering users/show

ActionView::TemplateError (You have a nil object when you didn't expect it!
The error occurred while evaluating nil.detail) on line #1 of app/views/users/show.html.haml:
1: = @user.detail.icq

    app/views/users/show.html.haml:1:in `_run_haml_app47views47users47show46html46haml'
    haml (2.0.9) lib/haml/helpers/action_view_mods.rb:14:in `render'
    haml (2.0.9) lib/haml/helpers/action_view_mods.rb:14:in `render'
    haml (2.0.9) lib/sass/plugin/rails.rb:19:in `process'

Rendered rescues/_trace (96.1ms)
Rendered rescues/_request_and_response (0.3ms)
Rendering rescues/layout (internal_server_error)
  [4;36;1mSQL (0.1ms)[0m   [0;1mSET NAMES 'utf8'[0m
  [4;35;1mSQL (0.1ms)[0m   [0mSET SQL_AUTO_IS_NULL=0[0m


Processing UsersController#show (for 127.0.0.1 at 2009-03-28 15:10:59) [GET]
  Parameters: {"id"=>"1"}
  [4;36;1mUser Columns (1.9ms)[0m   [0;1mSHOW FIELDS FROM `users`[0m
  [4;35;1mUser Load (1.3ms)[0m   [0mSELECT * FROM `users` WHERE (`users`.`id` = 1) [0m
Rendering template within layouts/application
Rendering users/show
  [4;36;1mDetail Load (0.3ms)[0m   [0;1mSELECT * FROM `details` WHERE (`details`.user_id = 1) LIMIT 1[0m
  [4;35;1mDetail Columns (2.5ms)[0m   [0mSHOW FIELDS FROM `details`[0m
  [4;36;1mUser Load (0.3ms)[0m   [0;1mSELECT * FROM `users` WHERE (`users`.`id` = 1) LIMIT 1[0m
Rendered users/_user_bar (4.4ms)
Completed in 54ms (View: 15, DB: 7) | 200 OK [http://localhost/users/1]
